<?xml version="1.0" encoding="utf-8"?><testsuites name="pytest tests"><testsuite name="pytest" errors="0" failures="0" skipped="0" tests="6" time="1.481" timestamp="2026-07-19T10:51:01.461288+00:00" hostname="agent-env-cf5ce4c7-a72b-4f40-b528-326b8d677ecb"><testcase classname="tests.backend_test.TestProducts" name="test_list_seeded" time="0.267" /><testcase classname="tests.backend_test.TestProducts" name="test_create_and_duplicate_sku" time="0.260" /><testcase classname="tests.backend_test.TestInvoices" name="test_create_invoice_and_stock_deduct" time="0.745" /><testcase classname="tests.backend_test.TestCustomers" name="test_list_and_create" time="0.180" /><testcase classname="tests.backend_test.TestInvoices" name="test_insufficient_stock" time="0.139" /><testcase classname="tests.backend_test.TestDashboard" name="test_stats" time="0.045" /></testsuite></testsuites>